# JRE version: Java(TM) SE Runtime Environment (15.0.2+7) (build 15.0.2+7-27)
# Java VM: Java HotSpot(TM) 64-Bit Server VM (15.0.2+7-27, mixed mode, sharing, tiered, compressed oops, g1 gc, windows-amd64)
GC Precious Log:
 CPUs: 4 total, 4 available
 Memory: 3933M
 Large Page Support: Disabled
 NUMA Support: Disabled
 Compressed Oops: Enabled (32-bit)
 Heap Region Size: 1M
 Heap Min Capacity: 8M
 Heap Initial Capacity: 8M
 Heap Max Capacity: 984M
 Pre-touch: Disabled
 Parallel Workers: 4
 Concurrent Workers: 1
 Concurrent Refinement Workers: 4
 Periodic GC: Disabled
Heap:
 garbage-first heap   total 29696K, used 7350K [0x00000000c2800000, 0x0000000100000000)
  region size 1024K, 1 young (1024K), 1 survivors (1024K)
 Metaspace       used 9751K, capacity 12270K, committed 12416K, reserved 1060864K
  class space    used 1135K, capacity 1363K, committed 1408K, reserved 1048576K
GC Heap History (20 events):
Event: 0.259 GC heap after
{Heap after GC invocations=3 (full 0):
 garbage-first heap   total 8192K, used 2024K [0x00000000c2800000, 0x0000000100000000)
  region size 1024K, 1 young (1024K), 1 survivors (1024K)
 Metaspace       used 5867K, capacity 9405K, committed 9600K, reserved 1058816K
  class space    used 697K, capacity 1027K, committed 1152K, reserved 1048576K
}
Event: 0.311 GC heap before
{Heap before GC invocations=3 (full 0):
 garbage-first heap   total 8192K, used 3048K [0x00000000c2800000, 0x0000000100000000)
  region size 1024K, 2 young (2048K), 1 survivors (1024K)
 Metaspace       used 7218K, capacity 10374K, committed 10496K, reserved 1058816K
  class space    used 872K, capacity 1158K, committed 1280K, reserved 1048576K
}
Event: 0.313 GC heap after
{Heap after GC invocations=4 (full 0):
 garbage-first heap   total 8192K, used 2327K [0x00000000c2800000, 0x0000000100000000)
  region size 1024K, 1 young (1024K), 1 survivors (1024K)
 Metaspace       used 7218K, capacity 10374K, committed 10496K, reserved 1058816K
  class space    used 872K, capacity 1158K, committed 1280K, reserved 1048576K
}
Event: 0.349 GC heap before
{Heap before GC invocations=4 (full 0):
 garbage-first heap   total 8192K, used 3351K [0x00000000c2800000, 0x0000000100000000)
  region size 1024K, 2 young (2048K), 1 survivors (1024K)
 Metaspace       used 7870K, capacity 10854K, committed 11008K, reserved 1058816K
  class space    used 916K, capacity 1190K, committed 1280K, reserved 1048576K
}
Event: 0.351 GC heap after
{Heap after GC invocations=5 (full 0):
 garbage-first heap   total 11264K, used 2610K [0x00000000c2800000, 0x0000000100000000)
  region size 1024K, 1 young (1024K), 1 survivors (1024K)
 Metaspace       used 7870K, capacity 10854K, committed 11008K, reserved 1058816K
  class space    used 916K, capacity 1190K, committed 1280K, reserved 1048576K
}
Event: 0.400 GC heap before
{Heap before GC invocations=5 (full 0):
 garbage-first heap   total 11264K, used 4658K [0x00000000c2800000, 0x0000000100000000)
  region size 1024K, 3 young (3072K), 1 survivors (1024K)
 Metaspace       used 8180K, capacity 11099K, committed 11264K, reserved 1058816K
  class space    used 961K, capacity 1229K, committed 1280K, reserved 1048576K
}
Event: 0.404 GC heap after
{Heap after GC invocations=6 (full 0):
 garbage-first heap   total 11264K, used 3393K [0x00000000c2800000, 0x0000000100000000)
  region size 1024K, 1 young (1024K), 1 survivors (1024K)
 Metaspace       used 8180K, capacity 11099K, committed 11264K, reserved 1058816K
  class space    used 961K, capacity 1229K, committed 1280K, reserved 1048576K
}
Event: 0.414 GC heap before
{Heap before GC invocations=6 (full 0):
 garbage-first heap   total 11264K, used 5441K [0x00000000c2800000, 0x0000000100000000)
  region size 1024K, 3 young (3072K), 1 survivors (1024K)
 Metaspace       used 8212K, capacity 11099K, committed 11264K, reserved 1058816K
  class space    used 962K, capacity 1229K, committed 1280K, reserved 1048576K
}
Event: 0.418 GC heap after
{Heap after GC invocations=7 (full 0):
 garbage-first heap   total 11264K, used 3815K [0x00000000c2800000, 0x0000000100000000)
  region size 1024K, 1 young (1024K), 1 survivors (1024K)
 Metaspace       used 8212K, capacity 11099K, committed 11264K, reserved 1058816K
  class space    used 962K, capacity 1229K, committed 1280K, reserved 1048576K
}
Event: 0.439 GC heap before
{Heap before GC invocations=7 (full 0):
 garbage-first heap   total 11264K, used 4839K [0x00000000c2800000, 0x0000000100000000)
  region size 1024K, 2 young (2048K), 1 survivors (1024K)
 Metaspace       used 8282K, capacity 11099K, committed 11264K, reserved 1058816K
  class space    used 963K, capacity 1229K, committed 1280K, reserved 1048576K
}
Event: 0.440 GC heap after
{Heap after GC invocations=8 (full 0):
 garbage-first heap   total 11264K, used 3761K [0x00000000c2800000, 0x0000000100000000)
  region size 1024K, 1 young (1024K), 1 survivors (1024K)
 Metaspace       used 8282K, capacity 11099K, committed 11264K, reserved 1058816K
  class space    used 963K, capacity 1229K, committed 1280K, reserved 1048576K
}
Event: 0.473 GC heap before
{Heap before GC invocations=8 (full 0):
 garbage-first heap   total 11264K, used 5809K [0x00000000c2800000, 0x0000000100000000)
  region size 1024K, 3 young (3072K), 1 survivors (1024K)
 Metaspace       used 8419K, capacity 11169K, committed 11264K, reserved 1058816K
  class space    used 975K, capacity 1231K, committed 1280K, reserved 1048576K
}
Event: 0.475 GC heap after
{Heap after GC invocations=9 (full 0):
 garbage-first heap   total 16384K, used 4084K [0x00000000c2800000, 0x0000000100000000)
  region size 1024K, 1 young (1024K), 1 survivors (1024K)
 Metaspace       used 8419K, capacity 11169K, committed 11264K, reserved 1058816K
  class space    used 975K, capacity 1231K, committed 1280K, reserved 1048576K
}
Event: 0.493 GC heap before
{Heap before GC invocations=9 (full 0):
 garbage-first heap   total 16384K, used 9204K [0x00000000c2800000, 0x0000000100000000)
  region size 1024K, 6 young (6144K), 1 survivors (1024K)
 Metaspace       used 8440K, capacity 11233K, committed 11520K, reserved 1058816K
  class space    used 975K, capacity 1231K, committed 1280K, reserved 1048576K
}
Event: 0.496 GC heap after
{Heap after GC invocations=10 (full 0):
 garbage-first heap   total 16384K, used 4713K [0x00000000c2800000, 0x0000000100000000)
  region size 1024K, 1 young (1024K), 1 survivors (1024K)
 Metaspace       used 8440K, capacity 11233K, committed 11520K, reserved 1058816K
  class space    used 975K, capacity 1231K, committed 1280K, reserved 1048576K
}
Event: 0.537 GC heap before
{Heap before GC invocations=10 (full 0):
 garbage-first heap   total 16384K, used 9833K [0x00000000c2800000, 0x0000000100000000)
  region size 1024K, 6 young (6144K), 1 survivors (1024K)
 Metaspace       used 8627K, capacity 11335K, committed 11520K, reserved 1058816K
  class space    used 997K, capacity 1265K, committed 1280K, reserved 1048576K
}
Event: 0.541 GC heap after
{Heap after GC invocations=11 (full 0):
 garbage-first heap   total 16384K, used 5794K [0x00000000c2800000, 0x0000000100000000)
  region size 1024K, 1 young (1024K), 1 survivors (1024K)
 Metaspace       used 8627K, capacity 11335K, committed 11520K, reserved 1058816K
  class space    used 997K, capacity 1265K, committed 1280K, reserved 1048576K
}
Event: 0.598 GC heap before
{Heap before GC invocations=11 (full 0):
 garbage-first heap   total 16384K, used 9890K [0x00000000c2800000, 0x0000000100000000)
  region size 1024K, 5 young (5120K), 1 survivors (1024K)
 Metaspace       used 9361K, capacity 11976K, committed 12160K, reserved 1060864K
  class space    used 1086K, capacity 1329K, committed 1408K, reserved 1048576K
}
Event: 0.602 GC heap after
{Heap after GC invocations=12 (full 0):
 garbage-first heap   total 16384K, used 6517K [0x00000000c2800000, 0x0000000100000000)
  region size 1024K, 1 young (1024K), 1 survivors (1024K)
 Metaspace       used 9361K, capacity 11976K, committed 12160K, reserved 1060864K
  class space    used 1086K, capacity 1329K, committed 1408K, reserved 1048576K
}
Event: 0.677 GC heap before
{Heap before GC invocations=12 (full 0):
 garbage-first heap   total 16384K, used 10613K [0x00000000c2800000, 0x0000000100000000)
  region size 1024K, 5 young (5120K), 1 survivors (1024K)
 Metaspace       used 9751K, capacity 12270K, committed 12416K, reserved 1060864K
  class space    used 1135K, capacity 1363K, committed 1408K, reserved 1048576K
}

