# JRE version: Java(TM) SE Runtime Environment (15.0.2+7) (build 15.0.2+7-27)
# Java VM: Java HotSpot(TM) 64-Bit Server VM (15.0.2+7-27, mixed mode, sharing, tiered, compressed oops, g1 gc, windows-amd64)
GC Precious Log:
 CPUs: 4 total, 4 available
 Memory: 3933M
 Large Page Support: Disabled
 NUMA Support: Disabled
 Compressed Oops: Enabled (32-bit)
 Heap Region Size: 1M
 Heap Min Capacity: 8M
 Heap Initial Capacity: 8M
 Heap Max Capacity: 984M
 Pre-touch: Disabled
 Parallel Workers: 4
 Concurrent Workers: 1
 Concurrent Refinement Workers: 4
 Periodic GC: Disabled
Heap:
 garbage-first heap   total 11264K, used 2614K [0x00000000c2800000, 0x0000000100000000)
  region size 1024K, 1 young (1024K), 1 survivors (1024K)
 Metaspace       used 7838K, capacity 10857K, committed 11008K, reserved 1058816K
  class space    used 916K, capacity 1191K, committed 1280K, reserved 1048576K
GC Heap History (9 events):
Event: 0.159 GC heap before
{Heap before GC invocations=0 (full 0):
 garbage-first heap   total 8192K, used 3072K [0x00000000c2800000, 0x0000000100000000)
  region size 1024K, 3 young (3072K), 0 survivors (0K)
 Metaspace       used 2640K, capacity 6225K, committed 6400K, reserved 1056768K
  class space    used 352K, capacity 671K, committed 768K, reserved 1048576K
}
Event: 0.162 GC heap after
{Heap after GC invocations=1 (full 0):
 garbage-first heap   total 8192K, used 1145K [0x00000000c2800000, 0x0000000100000000)
  region size 1024K, 1 young (1024K), 1 survivors (1024K)
 Metaspace       used 2640K, capacity 6225K, committed 6400K, reserved 1056768K
  class space    used 352K, capacity 671K, committed 768K, reserved 1048576K
}
Event: 0.212 GC heap before
{Heap before GC invocations=1 (full 0):
 garbage-first heap   total 8192K, used 2169K [0x00000000c2800000, 0x0000000100000000)
  region size 1024K, 2 young (2048K), 1 survivors (1024K)
 Metaspace       used 4444K, capacity 8052K, committed 8064K, reserved 1056768K
  class space    used 564K, capacity 896K, committed 896K, reserved 1048576K
}
Event: 0.215 GC heap after
{Heap after GC invocations=2 (full 0):
 garbage-first heap   total 8192K, used 1778K [0x00000000c2800000, 0x0000000100000000)
  region size 1024K, 1 young (1024K), 1 survivors (1024K)
 Metaspace       used 4444K, capacity 8052K, committed 8064K, reserved 1056768K
  class space    used 564K, capacity 896K, committed 896K, reserved 1048576K
}
Event: 0.258 GC heap before
{Heap before GC invocations=2 (full 0):
 garbage-first heap   total 8192K, used 2802K [0x00000000c2800000, 0x0000000100000000)
  region size 1024K, 2 young (2048K), 1 survivors (1024K)
 Metaspace       used 5870K, capacity 9469K, committed 9600K, reserved 1058816K
  class space    used 698K, capacity 1027K, committed 1152K, reserved 1048576K
}
Event: 0.259 GC heap after
{Heap after GC invocations=3 (full 0):
 garbage-first heap   total 8192K, used 2066K [0x00000000c2800000, 0x0000000100000000)
  region size 1024K, 1 young (1024K), 1 survivors (1024K)
 Metaspace       used 5870K, capacity 9469K, committed 9600K, reserved 1058816K
  class space    used 698K, capacity 1027K, committed 1152K, reserved 1048576K
}
Event: 0.310 GC heap before
{Heap before GC invocations=3 (full 0):
 garbage-first heap   total 8192K, used 3090K [0x00000000c2800000, 0x0000000100000000)
  region size 1024K, 2 young (2048K), 1 survivors (1024K)
 Metaspace       used 7370K, capacity 10502K, committed 10752K, reserved 1058816K
  class space    used 878K, capacity 1158K, committed 1280K, reserved 1048576K
}
Event: 0.312 GC heap after
{Heap after GC invocations=4 (full 0):
 garbage-first heap   total 8192K, used 2366K [0x00000000c2800000, 0x0000000100000000)
  region size 1024K, 1 young (1024K), 1 survivors (1024K)
 Metaspace       used 7370K, capacity 10502K, committed 10752K, reserved 1058816K
  class space    used 878K, capacity 1158K, committed 1280K, reserved 1048576K
}
Event: 0.344 GC heap before
{Heap before GC invocations=4 (full 0):
 garbage-first heap   total 8192K, used 3390K [0x00000000c2800000, 0x0000000100000000)
  region size 1024K, 2 young (2048K), 1 survivors (1024K)
 Metaspace       used 7838K, capacity 10857K, committed 11008K, reserved 1058816K
  class space    used 916K, capacity 1191K, committed 1280K, reserved 1048576K
}

