# JRE version: Java(TM) SE Runtime Environment (15.0.2+7) (build 15.0.2+7-27)
# Java VM: Java HotSpot(TM) 64-Bit Server VM (15.0.2+7-27, mixed mode, sharing, tiered, compressed oops, g1 gc, windows-amd64)
GC Precious Log:
 CPUs: 4 total, 4 available
 Memory: 3933M
 Large Page Support: Disabled
 NUMA Support: Disabled
 Compressed Oops: Enabled (32-bit)
 Heap Region Size: 1M
 Heap Min Capacity: 8M
 Heap Initial Capacity: 8M
 Heap Max Capacity: 984M
 Pre-touch: Disabled
 Parallel Workers: 4
 Concurrent Workers: 1
 Concurrent Refinement Workers: 4
 Periodic GC: Disabled
Heap:
 garbage-first heap   total 29696K, used 7403K [0x00000000c2800000, 0x0000000100000000)
  region size 1024K, 1 young (1024K), 1 survivors (1024K)
 Metaspace       used 9668K, capacity 12206K, committed 12416K, reserved 1060864K
  class space    used 1126K, capacity 1363K, committed 1408K, reserved 1048576K
GC Heap History (20 events):
Event: 0.262 GC heap after
{Heap after GC invocations=3 (full 0):
 garbage-first heap   total 8192K, used 2055K [0x00000000c2800000, 0x0000000100000000)
  region size 1024K, 1 young (1024K), 1 survivors (1024K)
 Metaspace       used 5865K, capacity 9405K, committed 9600K, reserved 1058816K
  class space    used 697K, capacity 1027K, committed 1152K, reserved 1048576K
}
Event: 0.313 GC heap before
{Heap before GC invocations=3 (full 0):
 garbage-first heap   total 8192K, used 3079K [0x00000000c2800000, 0x0000000100000000)
  region size 1024K, 2 young (2048K), 1 survivors (1024K)
 Metaspace       used 7219K, capacity 10374K, committed 10496K, reserved 1058816K
  class space    used 872K, capacity 1158K, committed 1280K, reserved 1048576K
}
Event: 0.316 GC heap after
{Heap after GC invocations=4 (full 0):
 garbage-first heap   total 8192K, used 2335K [0x00000000c2800000, 0x0000000100000000)
  region size 1024K, 1 young (1024K), 1 survivors (1024K)
 Metaspace       used 7219K, capacity 10374K, committed 10496K, reserved 1058816K
  class space    used 872K, capacity 1158K, committed 1280K, reserved 1048576K
}
Event: 0.350 GC heap before
{Heap before GC invocations=4 (full 0):
 garbage-first heap   total 8192K, used 3359K [0x00000000c2800000, 0x0000000100000000)
  region size 1024K, 2 young (2048K), 1 survivors (1024K)
 Metaspace       used 7847K, capacity 10854K, committed 11008K, reserved 1058816K
  class space    used 916K, capacity 1190K, committed 1280K, reserved 1048576K
}
Event: 0.353 GC heap after
{Heap after GC invocations=5 (full 0):
 garbage-first heap   total 11264K, used 2579K [0x00000000c2800000, 0x0000000100000000)
  region size 1024K, 1 young (1024K), 1 survivors (1024K)
 Metaspace       used 7847K, capacity 10854K, committed 11008K, reserved 1058816K
  class space    used 916K, capacity 1190K, committed 1280K, reserved 1048576K
}
Event: 0.402 GC heap before
{Heap before GC invocations=5 (full 0):
 garbage-first heap   total 11264K, used 4627K [0x00000000c2800000, 0x0000000100000000)
  region size 1024K, 3 young (3072K), 1 survivors (1024K)
 Metaspace       used 8180K, capacity 11099K, committed 11264K, reserved 1058816K
  class space    used 961K, capacity 1229K, committed 1280K, reserved 1048576K
}
Event: 0.405 GC heap after
{Heap after GC invocations=6 (full 0):
 garbage-first heap   total 11264K, used 3381K [0x00000000c2800000, 0x0000000100000000)
  region size 1024K, 1 young (1024K), 1 survivors (1024K)
 Metaspace       used 8180K, capacity 11099K, committed 11264K, reserved 1058816K
  class space    used 961K, capacity 1229K, committed 1280K, reserved 1048576K
}
Event: 0.416 GC heap before
{Heap before GC invocations=6 (full 0):
 garbage-first heap   total 11264K, used 5429K [0x00000000c2800000, 0x0000000100000000)
  region size 1024K, 3 young (3072K), 1 survivors (1024K)
 Metaspace       used 8215K, capacity 11099K, committed 11264K, reserved 1058816K
  class space    used 962K, capacity 1229K, committed 1280K, reserved 1048576K
}
Event: 0.419 GC heap after
{Heap after GC invocations=7 (full 0):
 garbage-first heap   total 11264K, used 3809K [0x00000000c2800000, 0x0000000100000000)
  region size 1024K, 1 young (1024K), 1 survivors (1024K)
 Metaspace       used 8215K, capacity 11099K, committed 11264K, reserved 1058816K
  class space    used 962K, capacity 1229K, committed 1280K, reserved 1048576K
}
Event: 0.438 GC heap before
{Heap before GC invocations=7 (full 0):
 garbage-first heap   total 11264K, used 4833K [0x00000000c2800000, 0x0000000100000000)
  region size 1024K, 2 young (2048K), 1 survivors (1024K)
 Metaspace       used 8288K, capacity 11099K, committed 11264K, reserved 1058816K
  class space    used 963K, capacity 1229K, committed 1280K, reserved 1048576K
}
Event: 0.439 GC heap after
{Heap after GC invocations=8 (full 0):
 garbage-first heap   total 11264K, used 3801K [0x00000000c2800000, 0x0000000100000000)
  region size 1024K, 1 young (1024K), 1 survivors (1024K)
 Metaspace       used 8288K, capacity 11099K, committed 11264K, reserved 1058816K
  class space    used 963K, capacity 1229K, committed 1280K, reserved 1048576K
}
Event: 0.470 GC heap before
{Heap before GC invocations=8 (full 0):
 garbage-first heap   total 11264K, used 5849K [0x00000000c2800000, 0x0000000100000000)
  region size 1024K, 3 young (3072K), 1 survivors (1024K)
 Metaspace       used 8436K, capacity 11233K, committed 11520K, reserved 1058816K
  class space    used 975K, capacity 1231K, committed 1280K, reserved 1048576K
}
Event: 0.471 GC heap after
{Heap after GC invocations=9 (full 0):
 garbage-first heap   total 16384K, used 4119K [0x00000000c2800000, 0x0000000100000000)
  region size 1024K, 1 young (1024K), 1 survivors (1024K)
 Metaspace       used 8436K, capacity 11233K, committed 11520K, reserved 1058816K
  class space    used 975K, capacity 1231K, committed 1280K, reserved 1048576K
}
Event: 0.497 GC heap before
{Heap before GC invocations=9 (full 0):
 garbage-first heap   total 16384K, used 9239K [0x00000000c2800000, 0x0000000100000000)
  region size 1024K, 6 young (6144K), 1 survivors (1024K)
 Metaspace       used 8446K, capacity 11233K, committed 11520K, reserved 1058816K
  class space    used 975K, capacity 1231K, committed 1280K, reserved 1048576K
}
Event: 0.500 GC heap after
{Heap after GC invocations=10 (full 0):
 garbage-first heap   total 16384K, used 4690K [0x00000000c2800000, 0x0000000100000000)
  region size 1024K, 1 young (1024K), 1 survivors (1024K)
 Metaspace       used 8446K, capacity 11233K, committed 11520K, reserved 1058816K
  class space    used 975K, capacity 1231K, committed 1280K, reserved 1048576K
}
Event: 0.563 GC heap before
{Heap before GC invocations=10 (full 0):
 garbage-first heap   total 16384K, used 9810K [0x00000000c2800000, 0x0000000100000000)
  region size 1024K, 6 young (6144K), 1 survivors (1024K)
 Metaspace       used 8636K, capacity 11335K, committed 11520K, reserved 1058816K
  class space    used 996K, capacity 1265K, committed 1280K, reserved 1048576K
}
Event: 0.567 GC heap after
{Heap after GC invocations=11 (full 0):
 garbage-first heap   total 16384K, used 5822K [0x00000000c2800000, 0x0000000100000000)
  region size 1024K, 1 young (1024K), 1 survivors (1024K)
 Metaspace       used 8636K, capacity 11335K, committed 11520K, reserved 1058816K
  class space    used 996K, capacity 1265K, committed 1280K, reserved 1048576K
}
Event: 0.630 GC heap before
{Heap before GC invocations=11 (full 0):
 garbage-first heap   total 16384K, used 9918K [0x00000000c2800000, 0x0000000100000000)
  region size 1024K, 5 young (5120K), 1 survivors (1024K)
 Metaspace       used 9366K, capacity 11976K, committed 12160K, reserved 1060864K
  class space    used 1086K, capacity 1329K, committed 1408K, reserved 1048576K
}
Event: 0.633 GC heap after
{Heap after GC invocations=12 (full 0):
 garbage-first heap   total 16384K, used 6650K [0x00000000c2800000, 0x0000000100000000)
  region size 1024K, 1 young (1024K), 1 survivors (1024K)
 Metaspace       used 9366K, capacity 11976K, committed 12160K, reserved 1060864K
  class space    used 1086K, capacity 1329K, committed 1408K, reserved 1048576K
}
Event: 0.696 GC heap before
{Heap before GC invocations=12 (full 0):
 garbage-first heap   total 16384K, used 10746K [0x00000000c2800000, 0x0000000100000000)
  region size 1024K, 5 young (5120K), 1 survivors (1024K)
 Metaspace       used 9668K, capacity 12206K, committed 12416K, reserved 1060864K
  class space    used 1126K, capacity 1363K, committed 1408K, reserved 1048576K
}

