# JRE version: Java(TM) SE Runtime Environment (15.0.2+7) (build 15.0.2+7-27)
# Java VM: Java HotSpot(TM) 64-Bit Server VM (15.0.2+7-27, mixed mode, sharing, tiered, compressed oops, g1 gc, windows-amd64)
GC Precious Log:
 CPUs: 4 total, 4 available
 Memory: 3933M
 Large Page Support: Disabled
 NUMA Support: Disabled
 Compressed Oops: Enabled (32-bit)
 Heap Region Size: 1M
 Heap Min Capacity: 8M
 Heap Initial Capacity: 8M
 Heap Max Capacity: 984M
 Pre-touch: Disabled
 Parallel Workers: 4
 Concurrent Workers: 1
 Concurrent Refinement Workers: 4
 Periodic GC: Disabled
Heap:
 garbage-first heap   total 19456K, used 8397K [0x00000000c2800000, 0x0000000100000000)
  region size 1024K, 3 young (3072K), 1 survivors (1024K)
 Metaspace       used 9898K, capacity 12337K, committed 12416K, reserved 1060864K
  class space    used 1144K, capacity 1364K, committed 1408K, reserved 1048576K
GC Heap History (20 events):
Event: 0.528 GC heap before
{Heap before GC invocations=4 (full 0):
 garbage-first heap   total 8192K, used 3350K [0x00000000c2800000, 0x0000000100000000)
  region size 1024K, 2 young (2048K), 1 survivors (1024K)
 Metaspace       used 7857K, capacity 10854K, committed 11008K, reserved 1058816K
  class space    used 917K, capacity 1190K, committed 1280K, reserved 1048576K
}
Event: 0.530 GC heap after
{Heap after GC invocations=5 (full 0):
 garbage-first heap   total 10240K, used 2587K [0x00000000c2800000, 0x0000000100000000)
  region size 1024K, 1 young (1024K), 1 survivors (1024K)
 Metaspace       used 7857K, capacity 10854K, committed 11008K, reserved 1058816K
  class space    used 917K, capacity 1190K, committed 1280K, reserved 1048576K
}
Event: 0.593 GC heap before
{Heap before GC invocations=5 (full 0):
 garbage-first heap   total 10240K, used 4635K [0x00000000c2800000, 0x0000000100000000)
  region size 1024K, 3 young (3072K), 1 survivors (1024K)
 Metaspace       used 8195K, capacity 11099K, committed 11264K, reserved 1058816K
  class space    used 962K, capacity 1229K, committed 1280K, reserved 1048576K
}
Event: 0.597 GC heap after
{Heap after GC invocations=6 (full 0):
 garbage-first heap   total 10240K, used 3396K [0x00000000c2800000, 0x0000000100000000)
  region size 1024K, 1 young (1024K), 1 survivors (1024K)
 Metaspace       used 8195K, capacity 11099K, committed 11264K, reserved 1058816K
  class space    used 962K, capacity 1229K, committed 1280K, reserved 1048576K
}
Event: 0.609 GC heap before
{Heap before GC invocations=6 (full 0):
 garbage-first heap   total 10240K, used 5444K [0x00000000c2800000, 0x0000000100000000)
  region size 1024K, 3 young (3072K), 1 survivors (1024K)
 Metaspace       used 8226K, capacity 11099K, committed 11264K, reserved 1058816K
  class space    used 963K, capacity 1229K, committed 1280K, reserved 1048576K
}
Event: 0.612 GC heap after
{Heap after GC invocations=7 (full 0):
 garbage-first heap   total 10240K, used 3759K [0x00000000c2800000, 0x0000000100000000)
  region size 1024K, 1 young (1024K), 1 survivors (1024K)
 Metaspace       used 8226K, capacity 11099K, committed 11264K, reserved 1058816K
  class space    used 963K, capacity 1229K, committed 1280K, reserved 1048576K
}
Event: 0.643 GC heap before
{Heap before GC invocations=7 (full 0):
 garbage-first heap   total 10240K, used 4783K [0x00000000c2800000, 0x0000000100000000)
  region size 1024K, 2 young (2048K), 1 survivors (1024K)
 Metaspace       used 8296K, capacity 11099K, committed 11264K, reserved 1058816K
  class space    used 964K, capacity 1229K, committed 1280K, reserved 1048576K
}
Event: 0.644 GC heap after
{Heap after GC invocations=8 (full 0):
 garbage-first heap   total 10240K, used 3790K [0x00000000c2800000, 0x0000000100000000)
  region size 1024K, 1 young (1024K), 1 survivors (1024K)
 Metaspace       used 8296K, capacity 11099K, committed 11264K, reserved 1058816K
  class space    used 964K, capacity 1229K, committed 1280K, reserved 1048576K
}
Event: 0.684 GC heap before
{Heap before GC invocations=8 (full 0):
 garbage-first heap   total 10240K, used 5838K [0x00000000c2800000, 0x0000000100000000)
  region size 1024K, 3 young (3072K), 1 survivors (1024K)
 Metaspace       used 8445K, capacity 11169K, committed 11264K, reserved 1058816K
  class space    used 976K, capacity 1231K, committed 1280K, reserved 1048576K
}
Event: 0.686 GC heap after
{Heap after GC invocations=9 (full 0):
 garbage-first heap   total 13312K, used 4110K [0x00000000c2800000, 0x0000000100000000)
  region size 1024K, 1 young (1024K), 1 survivors (1024K)
 Metaspace       used 8445K, capacity 11169K, committed 11264K, reserved 1058816K
  class space    used 976K, capacity 1231K, committed 1280K, reserved 1048576K
}
Event: 0.698 GC heap before
{Heap before GC invocations=9 (full 0):
 garbage-first heap   total 13312K, used 7182K [0x00000000c2800000, 0x0000000100000000)
  region size 1024K, 4 young (4096K), 1 survivors (1024K)
 Metaspace       used 8449K, capacity 11233K, committed 11520K, reserved 1058816K
  class space    used 976K, capacity 1231K, committed 1280K, reserved 1048576K
}
Event: 0.700 GC heap after
{Heap after GC invocations=10 (full 0):
 garbage-first heap   total 13312K, used 4578K [0x00000000c2800000, 0x0000000100000000)
  region size 1024K, 1 young (1024K), 1 survivors (1024K)
 Metaspace       used 8449K, capacity 11233K, committed 11520K, reserved 1058816K
  class space    used 976K, capacity 1231K, committed 1280K, reserved 1048576K
}
Event: 0.733 GC heap before
{Heap before GC invocations=10 (full 0):
 garbage-first heap   total 13312K, used 7650K [0x00000000c2800000, 0x0000000100000000)
  region size 1024K, 4 young (4096K), 1 survivors (1024K)
 Metaspace       used 8616K, capacity 11335K, committed 11520K, reserved 1058816K
  class space    used 994K, capacity 1265K, committed 1280K, reserved 1048576K
}
Event: 0.736 GC heap after
{Heap after GC invocations=11 (full 0):
 garbage-first heap   total 13312K, used 4949K [0x00000000c2800000, 0x0000000100000000)
  region size 1024K, 1 young (1024K), 1 survivors (1024K)
 Metaspace       used 8616K, capacity 11335K, committed 11520K, reserved 1058816K
  class space    used 994K, capacity 1265K, committed 1280K, reserved 1048576K
}
Event: 0.750 GC heap before
{Heap before GC invocations=11 (full 0):
 garbage-first heap   total 13312K, used 8021K [0x00000000c2800000, 0x0000000100000000)
  region size 1024K, 4 young (4096K), 1 survivors (1024K)
 Metaspace       used 8623K, capacity 11335K, committed 11520K, reserved 1058816K
  class space    used 996K, capacity 1265K, committed 1280K, reserved 1048576K
}
Event: 0.753 GC heap after
{Heap after GC invocations=12 (full 0):
 garbage-first heap   total 13312K, used 5819K [0x00000000c2800000, 0x0000000100000000)
  region size 1024K, 1 young (1024K), 1 survivors (1024K)
 Metaspace       used 8623K, capacity 11335K, committed 11520K, reserved 1058816K
  class space    used 996K, capacity 1265K, committed 1280K, reserved 1048576K
}
Event: 0.783 GC heap before
{Heap before GC invocations=12 (full 0):
 garbage-first heap   total 13312K, used 8891K [0x00000000c2800000, 0x0000000100000000)
  region size 1024K, 4 young (4096K), 1 survivors (1024K)
 Metaspace       used 8731K, capacity 11399K, committed 11520K, reserved 1058816K
  class space    used 1006K, capacity 1265K, committed 1280K, reserved 1048576K
}
Event: 0.786 GC heap after
{Heap after GC invocations=13 (full 0):
 garbage-first heap   total 19456K, used 6255K [0x00000000c2800000, 0x0000000100000000)
  region size 1024K, 1 young (1024K), 1 survivors (1024K)
 Metaspace       used 8731K, capacity 11399K, committed 11520K, reserved 1058816K
  class space    used 1006K, capacity 1265K, committed 1280K, reserved 1048576K
}
Event: 0.979 GC heap before
{Heap before GC invocations=13 (full 0):
 garbage-first heap   total 19456K, used 12399K [0x00000000c2800000, 0x0000000100000000)
  region size 1024K, 7 young (7168K), 1 survivors (1024K)
 Metaspace       used 9784K, capacity 12270K, committed 12416K, reserved 1060864K
  class space    used 1137K, capacity 1363K, committed 1408K, reserved 1048576K
}
Event: 0.984 GC heap after
{Heap after GC invocations=14 (full 0):
 garbage-first heap   total 19456K, used 7373K [0x00000000c2800000, 0x0000000100000000)
  region size 1024K, 1 young (1024K), 1 survivors (1024K)
 Metaspace       used 9784K, capacity 12270K, committed 12416K, reserved 1060864K
  class space    used 1137K, capacity 1363K, committed 1408K, reserved 1048576K
}

